2025-09-27T11:50:13:    ▲ Next.js 15.5.4
2025-09-27T11:50:13:    ▲ Next.js 15.5.4
2025-09-27T11:50:14:    ▲ Next.js 15.5.4
2025-09-27T11:50:14:    ▲ Next.js 15.5.4
2025-09-27T11:50:14:    ▲ Next.js 15.5.4
2025-09-27T11:50:14:    ▲ Next.js 15.5.4
2025-09-27T11:50:14:    ▲ Next.js 15.5.4
2025-09-27T11:50:14:    ▲ Next.js 15.5.4
2025-09-27T11:50:14:    ▲ Next.js 15.5.4
2025-09-27T11:50:14:    ▲ Next.js 15.5.4
2025-09-27T11:50:14:    ▲ Next.js 15.5.4
2025-09-27T11:50:14:    ▲ Next.js 15.5.4
2025-09-27T11:50:14:    ▲ Next.js 15.5.4
2025-09-27T11:50:14:    ▲ Next.js 15.5.4
2025-09-27T11:50:14:    ▲ Next.js 15.5.4
2025-09-27T11:50:14:    ▲ Next.js 15.5.4
2025-09-27T11:50:14:    ▲ Next.js 15.5.4
2025-09-27T11:50:14:    ▲ Next.js 15.5.4
2025-09-27T11:50:14:    ▲ Next.js 15.5.4
2025-09-27T11:50:14:    ▲ Next.js 15.5.4
2025-09-27T11:50:14:    ▲ Next.js 15.5.4
2025-09-27T11:50:14:    ▲ Next.js 15.5.4
2025-09-27T11:50:14:    ▲ Next.js 15.5.4
2025-09-27T11:50:14:    ▲ Next.js 15.5.4
2025-09-27T11:50:14:    ▲ Next.js 15.5.4
2025-09-27T11:50:14:    ▲ Next.js 15.5.4
2025-09-27T11:50:14:    ▲ Next.js 15.5.4
2025-09-27T11:50:14:    ▲ Next.js 15.5.4
2025-09-27T11:50:14:    - Local:        http://localhost:3000
2025-09-27T11:50:14:    - Network:      http://172.28.48.1:3000
2025-09-27T11:50:14: 
2025-09-27T11:50:14:  ✓ Starting...
2025-09-27T11:50:14:    - Local:        http://localhost:3000
2025-09-27T11:50:14:    - Network:      http://172.28.48.1:3000
2025-09-27T11:50:14: 
2025-09-27T11:50:14:  ✓ Starting...
2025-09-27T11:50:14:    - Local:        http://localhost:3000
2025-09-27T11:50:14:    - Network:      http://172.28.48.1:3000
2025-09-27T11:50:14: 
2025-09-27T11:50:14:  ✓ Starting...
2025-09-27T11:50:14:    - Local:        http://localhost:3000
2025-09-27T11:50:14:    - Network:      http://172.28.48.1:3000
2025-09-27T11:50:14: 
2025-09-27T11:50:14:  ✓ Starting...
2025-09-27T11:50:14:    - Local:        http://localhost:3000
2025-09-27T11:50:14:    - Network:      http://172.28.48.1:3000
2025-09-27T11:50:14: 
2025-09-27T11:50:14:  ✓ Starting...
2025-09-27T11:50:14:    - Local:        http://localhost:3000
2025-09-27T11:50:14:    - Network:      http://172.28.48.1:3000
2025-09-27T11:50:14: 
2025-09-27T11:50:14:  ✓ Starting...
2025-09-27T11:50:14:    - Local:        http://localhost:3000
2025-09-27T11:50:14:    - Network:      http://172.28.48.1:3000
2025-09-27T11:50:14: 
2025-09-27T11:50:14:  ✓ Starting...
2025-09-27T11:50:14:    - Local:        http://localhost:3000
2025-09-27T11:50:14:    - Network:      http://172.28.48.1:3000
2025-09-27T11:50:14: 
2025-09-27T11:50:14:  ✓ Starting...
2025-09-27T11:50:14:    - Local:        http://localhost:3000
2025-09-27T11:50:14:    - Network:      http://172.28.48.1:3000
2025-09-27T11:50:14: 
2025-09-27T11:50:14:  ✓ Starting...
2025-09-27T11:50:14:    - Local:        http://localhost:3000
2025-09-27T11:50:14:    - Network:      http://172.28.48.1:3000
2025-09-27T11:50:14: 
2025-09-27T11:50:14:  ✓ Starting...
2025-09-27T11:50:14:    - Local:        http://localhost:3000
2025-09-27T11:50:14:    - Network:      http://172.28.48.1:3000
2025-09-27T11:50:14: 
2025-09-27T11:50:14:  ✓ Starting...
2025-09-27T11:50:14:    - Local:        http://localhost:3000
2025-09-27T11:50:14:    - Network:      http://172.28.48.1:3000
2025-09-27T11:50:14: 
2025-09-27T11:50:14:  ✓ Starting...
2025-09-27T11:50:14:    - Local:        http://localhost:3000
2025-09-27T11:50:14:    - Network:      http://172.28.48.1:3000
2025-09-27T11:50:14: 
2025-09-27T11:50:14:  ✓ Starting...
2025-09-27T11:50:14:    - Local:        http://localhost:3000
2025-09-27T11:50:14:    - Network:      http://172.28.48.1:3000
2025-09-27T11:50:14: 
2025-09-27T11:50:14:  ✓ Starting...
2025-09-27T11:50:14:    - Local:        http://localhost:3000
2025-09-27T11:50:14:    - Network:      http://172.28.48.1:3000
2025-09-27T11:50:14: 
2025-09-27T11:50:14:  ✓ Starting...
2025-09-27T11:50:14:    - Local:        http://localhost:3000
2025-09-27T11:50:14:    - Network:      http://172.28.48.1:3000
2025-09-27T11:50:14: 
2025-09-27T11:50:14:  ✓ Starting...
2025-09-27T11:50:14:    - Local:        http://localhost:3000
2025-09-27T11:50:14:    - Network:      http://172.28.48.1:3000
2025-09-27T11:50:14: 
2025-09-27T11:50:14:  ✓ Starting...
2025-09-27T11:50:14:    - Local:        http://localhost:3000
2025-09-27T11:50:14:    - Network:      http://172.28.48.1:3000
2025-09-27T11:50:14: 
2025-09-27T11:50:14:  ✓ Starting...
2025-09-27T11:50:13:    - Local:        http://localhost:3000
2025-09-27T11:50:13:    - Network:      http://172.28.48.1:3000
2025-09-27T11:50:13: 
2025-09-27T11:50:13:  ✓ Starting...
2025-09-27T11:50:14:    - Local:        http://localhost:3000
2025-09-27T11:50:14:    - Network:      http://172.28.48.1:3000
2025-09-27T11:50:14: 
2025-09-27T11:50:14:  ✓ Starting...
2025-09-27T11:50:14:    - Local:        http://localhost:3000
2025-09-27T11:50:14:    - Network:      http://172.28.48.1:3000
2025-09-27T11:50:14: 
2025-09-27T11:50:14:  ✓ Starting...
2025-09-27T11:50:14:    - Local:        http://localhost:3000
2025-09-27T11:50:14:    - Network:      http://172.28.48.1:3000
2025-09-27T11:50:14: 
2025-09-27T11:50:14:  ✓ Starting...
2025-09-27T11:50:14:    - Local:        http://localhost:3000
2025-09-27T11:50:14:    - Network:      http://172.28.48.1:3000
2025-09-27T11:50:14: 
2025-09-27T11:50:14:  ✓ Starting...
2025-09-27T11:50:14:    - Local:        http://localhost:3000
2025-09-27T11:50:14:    - Network:      http://172.28.48.1:3000
2025-09-27T11:50:14: 
2025-09-27T11:50:14:  ✓ Starting...
2025-09-27T11:50:14:    - Local:        http://localhost:3000
2025-09-27T11:50:14:    - Network:      http://172.28.48.1:3000
2025-09-27T11:50:14: 
2025-09-27T11:50:14:  ✓ Starting...
2025-09-27T11:50:14:    - Local:        http://localhost:3000
2025-09-27T11:50:14:    - Network:      http://172.28.48.1:3000
2025-09-27T11:50:14: 
2025-09-27T11:50:14:  ✓ Starting...
2025-09-27T11:50:14:    - Local:        http://localhost:3000
2025-09-27T11:50:14:    - Network:      http://172.28.48.1:3000
2025-09-27T11:50:14: 
2025-09-27T11:50:14:  ✓ Starting...
2025-09-27T11:50:13:    - Local:        http://localhost:3000
2025-09-27T11:50:13:    - Network:      http://172.28.48.1:3000
2025-09-27T11:50:13: 
2025-09-27T11:50:13:  ✓ Starting...
2025-09-27T11:50:26:  ✓ Ready in 20s
2025-09-27T11:50:26:  ✓ Ready in 20s
2025-09-27T11:50:26:  ✓ Ready in 20s
2025-09-27T11:50:26:  ✓ Ready in 20.1s
2025-09-27T11:50:26:  ✓ Ready in 20.1s
2025-09-27T11:50:26:  ✓ Ready in 20.1s
2025-09-27T11:50:26:  ✓ Ready in 20s
2025-09-27T11:50:26:  ✓ Ready in 20.1s
2025-09-27T11:50:26:  ✓ Ready in 20s
2025-09-27T11:50:26:  ✓ Ready in 20s
2025-09-27T11:50:26:  ✓ Ready in 20s
2025-09-27T11:50:26:  ✓ Ready in 20s
2025-09-27T11:50:26:  ✓ Ready in 20s
2025-09-27T11:50:26:  ✓ Ready in 20s
2025-09-27T11:50:26:  ✓ Ready in 20s
2025-09-27T11:50:26:  ✓ Ready in 20s
2025-09-27T11:50:26:  ✓ Ready in 20s
2025-09-27T11:50:26:  ✓ Ready in 20s
2025-09-27T11:50:26:  ✓ Ready in 20s
2025-09-27T11:50:26:  ✓ Ready in 20.1s
2025-09-27T11:50:26:  ✓ Ready in 20s
2025-09-27T11:50:26:  ✓ Ready in 20.1s
2025-09-27T11:50:26:  ✓ Ready in 20s
2025-09-27T11:50:26:  ✓ Ready in 20s
2025-09-27T11:50:26:  ✓ Ready in 20.1s
2025-09-27T11:50:26:  ✓ Ready in 20s
2025-09-27T11:50:26:  ✓ Ready in 20.1s
2025-09-27T11:50:26:  ✓ Ready in 20s
